<?xml version="1.0" encoding="UTF-8"?>
<!-- Generated by org.testng.reporters.JUnitXMLReporter -->
<testsuite ignored="0" hostname="DESKTOP-8E1JSKF" failures="1" tests="11" name="CrashGameTest" time="776.148" errors="0" timestamp="2022-05-22T22:50:58 IST">
  <testcase classname="com.Test.CrashGameTestCases" name="CrashGameBetFullFlowChecking" time="200.434">
    <failure type="org.openqa.selenium.TimeoutException" message="Expected condition failed: waiting for visibility of element located by By.xpath: (//*[@class=&amp;apos;Header__ButtonWrapper-sc-15su922-9 icmVwr&amp;apos;])[4] (tried for 100 second(s) with 500 milliseconds interval)
Build info: version: &amp;apos;3.141.59&amp;apos;, revision: &amp;apos;e82be7d358&amp;apos;, time: &amp;apos;2018-11-14T08:17:03&amp;apos;
System info: host: &amp;apos;DESKTOP-8E1JSKF&amp;apos;, ip: &amp;apos;192.168.43.136&amp;apos;, os.name: &amp;apos;Windows 10&amp;apos;, os.arch: &amp;apos;amd64&amp;apos;, os.version: &amp;apos;10.0&amp;apos;, java.version: &amp;apos;17.0.1&amp;apos;
Driver info: org.openqa.selenium.chrome.ChromeDriver
Capabilities {acceptInsecureCerts: false, browserName: chrome, browserVersion: 101.0.4951.67, chrome: {chromedriverVersion: 101.0.4951.41 (93c720db8323..., userDataDir: C:\Users\punek\AppData\Loca...}, goog:chromeOptions: {debuggerAddress: localhost:51093}, javascriptEnabled: true, networkConnectionEnabled: false, pageLoadStrategy: normal, platform: WINDOWS, platformName: WINDOWS, proxy: Proxy(), setWindowRect: true, strictFileInteractability: false, timeouts: {implicit: 0, pageLoad: 300000, script: 30000}, unhandledPromptBehavior: dismiss and notify, webauthn:extension:credBlob: true, webauthn:extension:largeBlob: true, webauthn:virtualAuthenticators: true}
Session ID: 7c5d9949381358604b1a6b1e6b4bf484">
      <![CDATA[org.openqa.selenium.TimeoutException: Expected condition failed: waiting for visibility of element located by By.xpath: (//*[@class='Header__ButtonWrapper-sc-15su922-9 icmVwr'])[4] (tried for 100 second(s) with 500 milliseconds interval)
Build info: version: '3.141.59', revision: 'e82be7d358', time: '2018-11-14T08:17:03'
System info: host: 'DESKTOP-8E1JSKF', ip: '192.168.43.136', os.name: 'Windows 10', os.arch: 'amd64', os.version: '10.0', java.version: '17.0.1'
Driver info: org.openqa.selenium.chrome.ChromeDriver
Capabilities {acceptInsecureCerts: false, browserName: chrome, browserVersion: 101.0.4951.67, chrome: {chromedriverVersion: 101.0.4951.41 (93c720db8323..., userDataDir: C:\Users\punek\AppData\Loca...}, goog:chromeOptions: {debuggerAddress: localhost:51093}, javascriptEnabled: true, networkConnectionEnabled: false, pageLoadStrategy: normal, platform: WINDOWS, platformName: WINDOWS, proxy: Proxy(), setWindowRect: true, strictFileInteractability: false, timeouts: {implicit: 0, pageLoad: 300000, script: 30000}, unhandledPromptBehavior: dismiss and notify, webauthn:extension:credBlob: true, webauthn:extension:largeBlob: true, webauthn:virtualAuthenticators: true}
Session ID: 7c5d9949381358604b1a6b1e6b4bf484
at org.openqa.selenium.support.ui.WebDriverWait.timeoutException(WebDriverWait.java:95)
at org.openqa.selenium.support.ui.FluentWait.until(FluentWait.java:272)
at com.Test.CrashGameTestCases.CrashGameBetFullFlowChecking(CrashGameTestCases.java:62)
at java.base/java.util.ArrayList.forEach(ArrayList.java:1511)
... Removed 27 stack frames]]>
    </failure>
  </testcase> <!-- CrashGameBetFullFlowChecking -->
  <testcase classname="com.Test.CrashGameTestCases" name="CrashGameLoginDuringLogout" time="50.192"/>
  <testcase classname="com.Test.CrashGameTestCases" name="CrashGameBetAfterLogin" time="56.536"/>
  <testcase classname="com.Test.CrashGameTestCases" name="CrashGameBetMaxAmount" time="44.289"/>
  <testcase classname="com.Test.CrashGameTestCases" name="CrashGameBetWithHalfAmount" time="56.487"/>
  <testcase classname="com.Test.CrashGameTestCases" name="CrashGameBetWithDoubleAmount" time="55.617"/>
  <testcase classname="com.Test.CrashGameTestCases" name="CrashGameSetting" time="43.067"/>
  <testcase classname="com.Test.CrashGameTestCases" name="CrashGameRules" time="42.839"/>
  <testcase classname="com.Test.CrashGameTestCases" name="CrashGameLiveStatsButton" time="42.726"/>
  <testcase classname="com.Test.CrashGameTestCases" name="CrashGameFairnessIcon" time="52.656"/>
  <testcase classname="com.Test.CrashGameTestCases" name="CrashGameAutoNumberOfBetsTwo" time="45.899"/>
</testsuite> <!-- CrashGameTest -->
