<?xml version="1.0" encoding="UTF-8"?>
<!-- Generated by org.testng.reporters.JUnitXMLReporter -->
<testsuite ignored="0" hostname="DESKTOP-8E1JSKF" failures="1" tests="12" name="DiceGameTest" time="797.459" errors="0" timestamp="2022-05-17T13:53:00 IST">
  <testcase classname="com.Test.DiceGameTestcases" name="DiceGameBetFullFlowchecking" time="127.725">
    <failure type="org.openqa.selenium.NoSuchElementException" message="no such element: Unable to locate element: {&amp;quot;method&amp;quot;:&amp;quot;xpath&amp;quot;,&amp;quot;selector&amp;quot;:&amp;quot;(//*[@class=&amp;apos;CustomInput__MainInput-sc-1o4ngjx-6 bcESjD&amp;apos;])[2]&amp;quot;}
  (Session info: chrome=101.0.4951.67)
For documentation on this error, please visit: https://www.seleniumhq.org/exceptions/no_such_element.html
Build info: version: &amp;apos;3.141.59&amp;apos;, revision: &amp;apos;e82be7d358&amp;apos;, time: &amp;apos;2018-11-14T08:17:03&amp;apos;
System info: host: &amp;apos;DESKTOP-8E1JSKF&amp;apos;, ip: &amp;apos;192.168.43.136&amp;apos;, os.name: &amp;apos;Windows 10&amp;apos;, os.arch: &amp;apos;amd64&amp;apos;, os.version: &amp;apos;10.0&amp;apos;, java.version: &amp;apos;17.0.1&amp;apos;
Driver info: org.openqa.selenium.chrome.ChromeDriver
Capabilities {acceptInsecureCerts: false, browserName: chrome, browserVersion: 101.0.4951.67, chrome: {chromedriverVersion: 101.0.4951.41 (93c720db8323..., userDataDir: C:\Users\punek\AppData\Loca...}, goog:chromeOptions: {debuggerAddress: localhost:54586}, javascriptEnabled: true, networkConnectionEnabled: false, pageLoadStrategy: normal, platform: WINDOWS, platformName: WINDOWS, proxy: Proxy(), setWindowRect: true, strictFileInteractability: false, timeouts: {implicit: 0, pageLoad: 300000, script: 30000}, unhandledPromptBehavior: dismiss and notify, webauthn:extension:credBlob: true, webauthn:extension:largeBlob: true, webauthn:virtualAuthenticators: true}
Session ID: cad1a7fd23337181bf7937308d36b977
*** Element info: {Using=xpath, value=(//*[@class=&amp;apos;CustomInput__MainInput-sc-1o4ngjx-6 bcESjD&amp;apos;])[2]}">
      <![CDATA[org.openqa.selenium.NoSuchElementException: no such element: Unable to locate element: {"method":"xpath","selector":"(//*[@class='CustomInput__MainInput-sc-1o4ngjx-6 bcESjD'])[2]"}
  (Session info: chrome=101.0.4951.67)
For documentation on this error, please visit: https://www.seleniumhq.org/exceptions/no_such_element.html
Build info: version: '3.141.59', revision: 'e82be7d358', time: '2018-11-14T08:17:03'
System info: host: 'DESKTOP-8E1JSKF', ip: '192.168.43.136', os.name: 'Windows 10', os.arch: 'amd64', os.version: '10.0', java.version: '17.0.1'
Driver info: org.openqa.selenium.chrome.ChromeDriver
Capabilities {acceptInsecureCerts: false, browserName: chrome, browserVersion: 101.0.4951.67, chrome: {chromedriverVersion: 101.0.4951.41 (93c720db8323..., userDataDir: C:\Users\punek\AppData\Loca...}, goog:chromeOptions: {debuggerAddress: localhost:54586}, javascriptEnabled: true, networkConnectionEnabled: false, pageLoadStrategy: normal, platform: WINDOWS, platformName: WINDOWS, proxy: Proxy(), setWindowRect: true, strictFileInteractability: false, timeouts: {implicit: 0, pageLoad: 300000, script: 30000}, unhandledPromptBehavior: dismiss and notify, webauthn:extension:credBlob: true, webauthn:extension:largeBlob: true, webauthn:virtualAuthenticators: true}
Session ID: cad1a7fd23337181bf7937308d36b977
*** Element info: {Using=xpath, value=(//*[@class='CustomInput__MainInput-sc-1o4ngjx-6 bcESjD'])[2]}
at org.openqa.selenium.remote.http.W3CHttpResponseCodec.createException(W3CHttpResponseCodec.java:187)
at org.openqa.selenium.remote.http.W3CHttpResponseCodec.decode(W3CHttpResponseCodec.java:122)
at org.openqa.selenium.remote.http.W3CHttpResponseCodec.decode(W3CHttpResponseCodec.java:49)
at org.openqa.selenium.remote.HttpCommandExecutor.execute(HttpCommandExecutor.java:158)
at org.openqa.selenium.remote.service.DriverCommandExecutor.execute(DriverCommandExecutor.java:83)
at org.openqa.selenium.remote.RemoteWebDriver.execute(RemoteWebDriver.java:552)
at org.openqa.selenium.remote.RemoteWebDriver.findElement(RemoteWebDriver.java:323)
at org.openqa.selenium.remote.RemoteWebDriver.findElementByXPath(RemoteWebDriver.java:428)
at org.openqa.selenium.By$ByXPath.findElement(By.java:353)
at org.openqa.selenium.remote.RemoteWebDriver.findElement(RemoteWebDriver.java:315)
at pageObjects.DiceGamePage.FAIRNESSActiveserverseed(DiceGamePage.java:77)
at com.Test.DiceGameTestcases.DiceGameBetFullFlowchecking(DiceGameTestcases.java:216)
at java.base/java.util.ArrayList.forEach(ArrayList.java:1511)
... Removed 31 stack frames]]>
    </failure>
  </testcase> <!-- DiceGameBetFullFlowchecking -->
  <testcase classname="com.Test.DiceGameTestcases" name="HalfAmount" time="85.479"/>
  <testcase classname="com.Test.DiceGameTestcases" name="DiceGameDoubleBetAmount" time="53.242"/>
  <testcase classname="com.Test.DiceGameTestcases" name="MAximumErrorMessageChecking" time="40.68"/>
  <testcase classname="com.Test.DiceGameTestcases" name="DiceGameSetting" time="35.92"/>
  <testcase classname="com.Test.DiceGameTestcases" name="DiceGameRules" time="53.232"/>
  <testcase classname="com.Test.DiceGameTestcases" name="DiceGameLiveStatsButton" time="48.453"/>
  <testcase classname="com.Test.DiceGameTestcases" name="DiceGameFairNessbutton" time="48.639"/>
  <testcase classname="com.Test.DiceGameTestcases" name="DiceGameAutoButtonTab" time="62.806"/>
  <testcase classname="com.Test.DiceGameTestcases" name="DiceGameAutoHalfAmount" time="55.01"/>
  <testcase classname="com.Test.DiceGameTestcases" name="DiceGameAutoDoubleAmount" time="48.395"/>
  <testcase classname="com.Test.DiceGameTestcases" name="DiceGameAutoNumberOfBetsThree" time="38.026"/>
</testsuite> <!-- DiceGameTest -->
