<?xml version="1.0" encoding="UTF-8"?>
<!-- Generated by org.testng.reporters.JUnitXMLReporter -->
<testsuite ignored="0" hostname="DESKTOP-8E1JSKF" failures="1" tests="15" name="HomepageFooterTest" time="984.784" errors="0" timestamp="2022-05-23T01:14:56 IST">
  <testcase classname="com.Test.HomepageFooter" name="provablyFair" time="43.223"/>
  <testcase classname="com.Test.HomepageFooter" name="gambleAware" time="169.346"/>
  <testcase classname="com.Test.HomepageFooter" name="HomeButton" time="67.626">
    <failure type="org.openqa.selenium.TimeoutException" message="Expected condition failed: waiting for visibility of element located by By.xpath: //*[text()=&amp;apos;Home&amp;apos;] (tried for 50 second(s) with 500 milliseconds interval)
Build info: version: &amp;apos;3.141.59&amp;apos;, revision: &amp;apos;e82be7d358&amp;apos;, time: &amp;apos;2018-11-14T08:17:03&amp;apos;
System info: host: &amp;apos;DESKTOP-8E1JSKF&amp;apos;, ip: &amp;apos;192.168.43.136&amp;apos;, os.name: &amp;apos;Windows 10&amp;apos;, os.arch: &amp;apos;amd64&amp;apos;, os.version: &amp;apos;10.0&amp;apos;, java.version: &amp;apos;17.0.1&amp;apos;
Driver info: org.openqa.selenium.chrome.ChromeDriver
Capabilities {acceptInsecureCerts: false, browserName: chrome, browserVersion: 101.0.4951.67, chrome: {chromedriverVersion: 101.0.4951.41 (93c720db8323..., userDataDir: C:\Users\punek\AppData\Loca...}, goog:chromeOptions: {debuggerAddress: localhost:59858}, javascriptEnabled: true, networkConnectionEnabled: false, pageLoadStrategy: normal, platform: WINDOWS, platformName: WINDOWS, proxy: Proxy(), setWindowRect: true, strictFileInteractability: false, timeouts: {implicit: 0, pageLoad: 300000, script: 30000}, unhandledPromptBehavior: dismiss and notify, webauthn:extension:credBlob: true, webauthn:extension:largeBlob: true, webauthn:virtualAuthenticators: true}
Session ID: 16f5405787df15dcddf037b3e9e666fc">
      <![CDATA[org.openqa.selenium.TimeoutException: Expected condition failed: waiting for visibility of element located by By.xpath: //*[text()='Home'] (tried for 50 second(s) with 500 milliseconds interval)
Build info: version: '3.141.59', revision: 'e82be7d358', time: '2018-11-14T08:17:03'
System info: host: 'DESKTOP-8E1JSKF', ip: '192.168.43.136', os.name: 'Windows 10', os.arch: 'amd64', os.version: '10.0', java.version: '17.0.1'
Driver info: org.openqa.selenium.chrome.ChromeDriver
Capabilities {acceptInsecureCerts: false, browserName: chrome, browserVersion: 101.0.4951.67, chrome: {chromedriverVersion: 101.0.4951.41 (93c720db8323..., userDataDir: C:\Users\punek\AppData\Loca...}, goog:chromeOptions: {debuggerAddress: localhost:59858}, javascriptEnabled: true, networkConnectionEnabled: false, pageLoadStrategy: normal, platform: WINDOWS, platformName: WINDOWS, proxy: Proxy(), setWindowRect: true, strictFileInteractability: false, timeouts: {implicit: 0, pageLoad: 300000, script: 30000}, unhandledPromptBehavior: dismiss and notify, webauthn:extension:credBlob: true, webauthn:extension:largeBlob: true, webauthn:virtualAuthenticators: true}
Session ID: 16f5405787df15dcddf037b3e9e666fc
at org.openqa.selenium.support.ui.WebDriverWait.timeoutException(WebDriverWait.java:95)
at org.openqa.selenium.support.ui.FluentWait.until(FluentWait.java:272)
at com.Test.HomepageFooter.HomeButton(HomepageFooter.java:109)
at java.base/java.util.ArrayList.forEach(ArrayList.java:1511)
... Removed 27 stack frames]]>
    </failure>
  </testcase> <!-- HomeButton -->
  <testcase classname="com.Test.HomepageFooter" name="AMLPolicy" time="39.024"/>
  <testcase classname="com.Test.HomepageFooter" name="PrivacyPolicy" time="48.21"/>
  <testcase classname="com.Test.HomepageFooter" name="KYCPolicy" time="33.869"/>
  <testcase classname="com.Test.HomepageFooter" name="ResponsibleGaming" time="38.69"/>
  <testcase classname="com.Test.HomepageFooter" name="TermsofService" time="51.507"/>
  <testcase classname="com.Test.HomepageFooter" name="FooterLanguageIcon" time="42.553"/>
  <testcase classname="com.Test.HomepageFooter" name="FooterLanguageIconSecondLang" time="24.357"/>
  <testcase classname="com.Test.HomepageFooter" name="FooterLanguageIconThirdLang" time="16.975"/>
  <testcase classname="com.Test.HomepageFooter" name="FooterLanguageIconFourthLang" time="35.959"/>
  <testcase classname="com.Test.HomepageFooter" name="FooterFacebookIcon" time="97.307"/>
  <testcase classname="com.Test.HomepageFooter" name="FooterTwitterIcon" time="114.826"/>
  <testcase classname="com.Test.HomepageFooter" name="FooterInstagramIcon" time="68.702"/>
</testsuite> <!-- HomepageFooterTest -->
