<?xml version="1.0" encoding="UTF-8"?>
<!-- Generated by org.testng.reporters.JUnitReportReporter -->
<testsuite hostname="DESKTOP-8E1JSKF" failures="0" tests="11" name="com.Test.CrashGameTestCases" time="771.731" errors="1" timestamp="2022-05-23T01:14:57 IST" skipped="0">
  <testcase classname="com.Test.CrashGameTestCases" name="CrashGameBetFullFlowChecking" time="208.147">
    <error message="Expected condition failed: waiting for visibility of element located by By.xpath: (//*[@class=&#039;Header__ButtonWrapper-sc-15su922-9 icmVwr&#039;])[4] (tried for 100 second(s) with 500 milliseconds interval)
Build info: version: &#039;3.141.59&#039;, revision: &#039;e82be7d358&#039;, time: &#039;2018-11-14T08:17:03&#039;
System info: host: &#039;DESKTOP-8E1JSKF&#039;, ip: &#039;192.168.43.136&#039;, os.name: &#039;Windows 10&#039;, os.arch: &#039;amd64&#039;, os.version: &#039;10.0&#039;, java.version: &#039;17.0.1&#039;
Driver info: org.openqa.selenium.chrome.ChromeDriver
Capabilities {acceptInsecureCerts: false, browserName: chrome, browserVersion: 101.0.4951.67, chrome: {chromedriverVersion: 101.0.4951.41 (93c720db8323..., userDataDir: C:\Users\punek\AppData\Loca...}, goog:chromeOptions: {debuggerAddress: localhost:51093}, javascriptEnabled: true, networkConnectionEnabled: false, pageLoadStrategy: normal, platform: WINDOWS, platformName: WINDOWS, proxy: Proxy(), setWindowRect: true, strictFileInteractability: false, timeouts: {implicit: 0, pageLoad: 300000, script: 30000}, unhandledPromptBehavior: dismiss and notify, webauthn:extension:credBlob: true, webauthn:extension:largeBlob: true, webauthn:virtualAuthenticators: true}
Session ID: 7c5d9949381358604b1a6b1e6b4bf484" type="org.openqa.selenium.TimeoutException">
      <![CDATA[org.openqa.selenium.TimeoutException: Expected condition failed: waiting for visibility of element located by By.xpath: (//*[@class='Header__ButtonWrapper-sc-15su922-9 icmVwr'])[4] (tried for 100 second(s) with 500 milliseconds interval)
Build info: version: '3.141.59', revision: 'e82be7d358', time: '2018-11-14T08:17:03'
System info: host: 'DESKTOP-8E1JSKF', ip: '192.168.43.136', os.name: 'Windows 10', os.arch: 'amd64', os.version: '10.0', java.version: '17.0.1'
Driver info: org.openqa.selenium.chrome.ChromeDriver
Capabilities {acceptInsecureCerts: false, browserName: chrome, browserVersion: 101.0.4951.67, chrome: {chromedriverVersion: 101.0.4951.41 (93c720db8323..., userDataDir: C:\Users\punek\AppData\Loca...}, goog:chromeOptions: {debuggerAddress: localhost:51093}, javascriptEnabled: true, networkConnectionEnabled: false, pageLoadStrategy: normal, platform: WINDOWS, platformName: WINDOWS, proxy: Proxy(), setWindowRect: true, strictFileInteractability: false, timeouts: {implicit: 0, pageLoad: 300000, script: 30000}, unhandledPromptBehavior: dismiss and notify, webauthn:extension:credBlob: true, webauthn:extension:largeBlob: true, webauthn:virtualAuthenticators: true}
Session ID: 7c5d9949381358604b1a6b1e6b4bf484
at org.openqa.selenium.support.ui.WebDriverWait.timeoutException(WebDriverWait.java:95)
at org.openqa.selenium.support.ui.FluentWait.until(FluentWait.java:272)
at com.Test.CrashGameTestCases.CrashGameBetFullFlowChecking(CrashGameTestCases.java:62)
at java.base/jdk.internal.reflect.NativeMethodAccessorImpl.invoke0(Native Method)
at java.base/jdk.internal.reflect.NativeMethodAccessorImpl.invoke(NativeMethodAccessorImpl.java:77)
at java.base/jdk.internal.reflect.DelegatingMethodAccessorImpl.invoke(DelegatingMethodAccessorImpl.java:43)
at java.base/java.lang.reflect.Method.invoke(Method.java:568)
at org.testng.internal.MethodInvocationHelper.invokeMethod(MethodInvocationHelper.java:133)
at org.testng.internal.TestInvoker.invokeMethod(TestInvoker.java:598)
at org.testng.internal.TestInvoker.invokeTestMethod(TestInvoker.java:173)
at org.testng.internal.MethodRunner.runInSequence(MethodRunner.java:46)
at org.testng.internal.TestInvoker$MethodInvocationAgent.invoke(TestInvoker.java:824)
at org.testng.internal.TestInvoker.invokeTestMethods(TestInvoker.java:146)
at org.testng.internal.TestMethodWorker.invokeTestMethods(TestMethodWorker.java:146)
at org.testng.internal.TestMethodWorker.run(TestMethodWorker.java:128)
at java.base/java.util.ArrayList.forEach(ArrayList.java:1511)
at org.testng.TestRunner.privateRun(TestRunner.java:794)
at org.testng.TestRunner.run(TestRunner.java:596)
at org.testng.SuiteRunner.runTest(SuiteRunner.java:377)
at org.testng.SuiteRunner.runSequentially(SuiteRunner.java:371)
at org.testng.SuiteRunner.privateRun(SuiteRunner.java:332)
at org.testng.SuiteRunner.run(SuiteRunner.java:276)
at org.testng.SuiteRunnerWorker.runSuite(SuiteRunnerWorker.java:53)
at org.testng.SuiteRunnerWorker.run(SuiteRunnerWorker.java:96)
at org.testng.TestNG.runSuitesSequentially(TestNG.java:1212)
at org.testng.TestNG.runSuitesLocally(TestNG.java:1134)
at org.testng.TestNG.runSuites(TestNG.java:1063)
at org.testng.TestNG.run(TestNG.java:1031)
at org.testng.remote.AbstractRemoteTestNG.run(AbstractRemoteTestNG.java:115)
at org.testng.remote.RemoteTestNG.initAndRun(RemoteTestNG.java:251)
at org.testng.remote.RemoteTestNG.main(RemoteTestNG.java:77)
]]>
    </error>
  </testcase> <!-- CrashGameBetFullFlowChecking -->
  <system-out/>
  <testcase classname="com.Test.CrashGameTestCases" name="CrashGameLoginDuringLogout" time="58.655"/>
  <system-out/>
  <testcase classname="com.Test.CrashGameTestCases" name="CrashGameBetAfterLogin" time="59.996"/>
  <system-out/>
  <testcase classname="com.Test.CrashGameTestCases" name="CrashGameBetMaxAmount" time="51.977"/>
  <system-out/>
  <testcase classname="com.Test.CrashGameTestCases" name="CrashGameBetWithHalfAmount" time="64.289"/>
  <system-out/>
  <testcase classname="com.Test.CrashGameTestCases" name="CrashGameBetWithDoubleAmount" time="63.852"/>
  <system-out/>
  <testcase classname="com.Test.CrashGameTestCases" name="CrashGameSetting" time="51.721"/>
  <system-out/>
  <testcase classname="com.Test.CrashGameTestCases" name="CrashGameRules" time="50.994"/>
  <system-out/>
  <testcase classname="com.Test.CrashGameTestCases" name="CrashGameLiveStatsButton" time="50.615"/>
  <system-out/>
  <testcase classname="com.Test.CrashGameTestCases" name="CrashGameFairnessIcon" time="57.053"/>
  <system-out/>
  <testcase classname="com.Test.CrashGameTestCases" name="CrashGameAutoNumberOfBetsTwo" time="54.432"/>
  <system-out/>
</testsuite> <!-- com.Test.CrashGameTestCases -->
